<?xml version="1.0" encoding="UTF-8"?>
<testsuite xmlns:xsi="http://www.w3.org/2001/XMLSchema-instance" xsi:noNamespaceSchemaLocation="https://maven.apache.org/surefire/maven-surefire-plugin/xsd/surefire-test-report.xsd" version="3.0.2" name="today.ihelio.minance.csvpojos.BankAccountCsvFactoryImplTest" time="1.106" tests="0" errors="0" skipped="0" failures="0">
  <properties>
[...]
</properties>
  <testcase name="reusesPaypalParsingForCreditAccounts" classname="today.ihelio.minance.csvpojos.BankAccountCsvFactoryImplTest$PayPalCreditTests" time="0.238">
    <system-out><![CDATA[2026-03-07 10:20:51,292 WARN  [io.quarkiverse.quinoa.deployment.QuinoaProcessor] (build-5) Quinoa is disabled by default in tests.
2026-03-07 10:20:51,645 WARN  [io.quarkus.datasource.deployment.devservices.DevServicesDatasourceProcessor] (build-14) Unable to start Dev Services for default datasource as this datasource type (other) does not support Dev Services
2026-03-07 10:20:52,631 WARN  [io.quarkus.config] (main) Unrecognized configuration key "quarkus.http.cors" was provided; it will be ignored; verify that the dependency extension for this configuration is set or that you did not make a typo
2026-03-07 10:20:52,631 WARN  [io.quarkus.config] (main) Unrecognized configuration key "quarkus.dev-ui.enabled" was provided; it will be ignored; verify that the dependency extension for this configuration is set or that you did not make a typo
2026-03-07 10:20:53,182 INFO  [org.flywaydb.core.FlywayExecutor] (main) Database: jdbc:sqlite:/tmp/minance-test.db (SQLite 3.46)
2026-03-07 10:20:53,193 INFO  [org.flywaydb.core.internal.command.clean.CleanExecutor] (main) Successfully dropped pre-schema database level objects (execution time 00:00.000s)
2026-03-07 10:20:53,195 INFO  [org.flywaydb.core.internal.command.clean.CleanExecutor] (main) Successfully cleaned schema "main" (execution time 00:00.001s)
2026-03-07 10:20:53,196 INFO  [org.flywaydb.core.internal.command.clean.CleanExecutor] (main) Successfully cleaned schema "main" (execution time 00:00.000s)
2026-03-07 10:20:53,196 INFO  [org.flywaydb.core.internal.command.clean.CleanExecutor] (main) Successfully dropped post-schema database level objects (execution time 00:00.000s)
2026-03-07 10:20:53,204 INFO  [org.flywaydb.core.internal.schemahistory.JdbcTableSchemaHistory] (main) Schema history table "main"."flyway_schema_history" does not exist yet
2026-03-07 10:20:53,205 INFO  [org.flywaydb.core.internal.command.DbValidate] (main) Successfully validated 1 migration (execution time 00:00.004s)
2026-03-07 10:20:53,206 INFO  [org.flywaydb.core.internal.schemahistory.JdbcTableSchemaHistory] (main) Creating Schema History table "main"."flyway_schema_history" ...
2026-03-07 10:20:53,214 INFO  [org.flywaydb.core.internal.command.DbMigrate] (main) Current version of schema "main": << Empty Schema >>
2026-03-07 10:20:53,218 INFO  [org.flywaydb.core.internal.command.DbMigrate] (main) Migrating schema "main" to version "1 - create tables"
2026-03-07 10:20:53,222 INFO  [org.flywaydb.core.internal.command.DbMigrate] (main) Successfully applied 1 migration to schema "main", now at version v1 (execution time 00:00.000s)
2026-03-07 10:20:53,236 WARN  [today.ihelio.startupeventslisteners.EnvironmentLogger] (main) Environment Variable DATA is not set.
2026-03-07 10:20:53,246 WARN  [io.quarkus.agroal.runtime.AgroalConnectionConfigurer] (main) Agroal does not support detecting if a connection is still usable after an exception for database kind: other
2026-03-07 10:20:53,326 INFO  [io.quarkus] (main) minance 1.0.1-SNAPSHOT on JVM (powered by Quarkus 3.30.3) started in 2.726s. Listening on: http://localhost:8081
2026-03-07 10:20:53,326 INFO  [io.quarkus] (main) Profile test activated. 
2026-03-07 10:20:53,326 INFO  [io.quarkus] (main) Installed features: [agroal, cdi, compose, flyway, narayana-jta, playwright, quinoa, rest, rest-jsonb, smallrye-context-propagation, smallrye-health, vertx]
]]></system-out>
  </testcase>
</testsuite>